-- Install configuration: ""
-- Up-to-date: /home/ly-jin/Proj/2_engineer_ws/install/engineer_description/share/engineer_description/meshes
-- Up-to-date: /home/ly-jin/Proj/2_engineer_ws/install/engineer_description/share/engineer_description/meshes/J6.STL
-- Up-to-date: /home/ly-jin/Proj/2_engineer_ws/install/engineer_description/share/engineer_description/meshes/Wheel_l_f.STL
-- Up-to-date: /home/ly-jin/Proj/2_engineer_ws/install/engineer_description/share/engineer_description/meshes/J3.STL
-- Up-to-date: /home/ly-jin/Proj/2_engineer_ws/install/engineer_description/share/engineer_description/meshes/J2.STL
-- Up-to-date: /home/ly-jin/Proj/2_engineer_ws/install/engineer_description/share/engineer_description/meshes/Wheel_r_b.STL
-- Up-to-date: /home/ly-jin/Proj/2_engineer_ws/install/engineer_description/share/engineer_description/meshes/J1.STL
-- Up-to-date: /home/ly-jin/Proj/2_engineer_ws/install/engineer_description/share/engineer_description/meshes/base_link.STL
-- Up-to-date: /home/ly-jin/Proj/2_engineer_ws/install/engineer_description/share/engineer_description/meshes/J0.STL
-- Up-to-date: /home/ly-jin/Proj/2_engineer_ws/install/engineer_description/share/engineer_description/meshes/end.STL
-- Up-to-date: /home/ly-jin/Proj/2_engineer_ws/install/engineer_description/share/engineer_description/meshes/J5.STL
-- Up-to-date: /home/ly-jin/Proj/2_engineer_ws/install/engineer_description/share/engineer_description/meshes/Wheel_r_f.STL
-- Up-to-date: /home/ly-jin/Proj/2_engineer_ws/install/engineer_description/share/engineer_description/meshes/Wheel_l_b.STL
-- Up-to-date: /home/ly-jin/Proj/2_engineer_ws/install/engineer_description/share/engineer_description/meshes/J4.STL
-- Up-to-date: /home/ly-jin/Proj/2_engineer_ws/install/engineer_description/share/engineer_description/urdf
-- Up-to-date: /home/ly-jin/Proj/2_engineer_ws/install/engineer_description/share/engineer_description/urdf/engineer_total.csv
-- Up-to-date: /home/ly-jin/Proj/2_engineer_ws/install/engineer_description/share/engineer_description/urdf/engineer_total.urdf
-- Up-to-date: /home/ly-jin/Proj/2_engineer_ws/install/engineer_description/share/engineer_description/urdf/control
-- Up-to-date: /home/ly-jin/Proj/2_engineer_ws/install/engineer_description/share/engineer_description/urdf/control/engineer.gazebo
-- Up-to-date: /home/ly-jin/Proj/2_engineer_ws/install/engineer_description/share/engineer_description/launch
-- Up-to-date: /home/ly-jin/Proj/2_engineer_ws/install/engineer_description/share/engineer_description/launch/check_urdf.launch.py
-- Up-to-date: /home/ly-jin/Proj/2_engineer_ws/install/engineer_description/share/engineer_description/rviz
-- Up-to-date: /home/ly-jin/Proj/2_engineer_ws/install/engineer_description/share/engineer_description/rviz/engineer_description.rviz
-- Up-to-date: /home/ly-jin/Proj/2_engineer_ws/install/engineer_description/share/ament_index/resource_index/package_run_dependencies/engineer_description
-- Up-to-date: /home/ly-jin/Proj/2_engineer_ws/install/engineer_description/share/ament_index/resource_index/parent_prefix_path/engineer_description
-- Up-to-date: /home/ly-jin/Proj/2_engineer_ws/install/engineer_description/share/engineer_description/environment/ament_prefix_path.sh
-- Up-to-date: /home/ly-jin/Proj/2_engineer_ws/install/engineer_description/share/engineer_description/environment/ament_prefix_path.dsv
-- Up-to-date: /home/ly-jin/Proj/2_engineer_ws/install/engineer_description/share/engineer_description/environment/path.sh
-- Up-to-date: /home/ly-jin/Proj/2_engineer_ws/install/engineer_description/share/engineer_description/environment/path.dsv
-- Up-to-date: /home/ly-jin/Proj/2_engineer_ws/install/engineer_description/share/engineer_description/local_setup.bash
-- Up-to-date: /home/ly-jin/Proj/2_engineer_ws/install/engineer_description/share/engineer_description/local_setup.sh
-- Up-to-date: /home/ly-jin/Proj/2_engineer_ws/install/engineer_description/share/engineer_description/local_setup.zsh
-- Up-to-date: /home/ly-jin/Proj/2_engineer_ws/install/engineer_description/share/engineer_description/local_setup.dsv
-- Installing: /home/ly-jin/Proj/2_engineer_ws/install/engineer_description/share/engineer_description/package.dsv
-- Up-to-date: /home/ly-jin/Proj/2_engineer_ws/install/engineer_description/share/ament_index/resource_index/packages/engineer_description
-- Up-to-date: /home/ly-jin/Proj/2_engineer_ws/install/engineer_description/share/engineer_description/cmake/engineer_descriptionConfig.cmake
-- Up-to-date: /home/ly-jin/Proj/2_engineer_ws/install/engineer_description/share/engineer_description/cmake/engineer_descriptionConfig-version.cmake
-- Up-to-date: /home/ly-jin/Proj/2_engineer_ws/install/engineer_description/share/engineer_description/package.xml
