[0.121s] DEBUG:colcon:Command line arguments: ['/usr/bin/colcon', 'build']
[0.121s] DEBUG:colcon:Parsed command line arguments: Namespace(log_base=None, log_level=None, verb_name='build', build_base='build', install_base='install', merge_install=False, symlink_install=False, test_result_base=None, continue_on_error=False, executor='parallel', parallel_workers=16, event_handlers=None, ignore_user_meta=False, metas=['./colcon.meta'], base_paths=['.'], packages_ignore=None, packages_ignore_regex=None, paths=None, packages_up_to=None, packages_up_to_regex=None, packages_above=None, packages_above_and_dependencies=None, packages_above_depth=None, packages_select_by_dep=None, packages_skip_by_dep=None, packages_skip_up_to=None, packages_select_build_failed=False, packages_skip_build_finished=False, packages_select_test_failures=False, packages_skip_test_passed=False, packages_select=None, packages_skip=None, packages_select_regex=None, packages_skip_regex=None, packages_start=None, packages_end=None, allow_overriding=[], cmake_args=None, cmake_target=None, cmake_target_skip_unavailable=False, cmake_clean_cache=False, cmake_clean_first=False, cmake_force_configure=False, ament_cmake_args=None, catkin_cmake_args=None, catkin_skip_building_tests=False, verb_parser=<colcon_defaults.argument_parser.defaults.DefaultArgumentsDecorator object at 0x70ead1e495b0>, verb_extension=<colcon_core.verb.build.BuildVerb object at 0x70ead1fa9d00>, main=<bound method BuildVerb.main of <colcon_core.verb.build.BuildVerb object at 0x70ead1fa9d00>>)
[0.169s] Level 1:colcon.colcon_core.package_discovery:discover_packages(colcon_meta) check parameters
[0.169s] Level 1:colcon.colcon_core.package_discovery:discover_packages(recursive) check parameters
[0.169s] Level 1:colcon.colcon_core.package_discovery:discover_packages(ignore) check parameters
[0.169s] Level 1:colcon.colcon_core.package_discovery:discover_packages(path) check parameters
[0.169s] Level 1:colcon.colcon_core.package_discovery:discover_packages(colcon_meta) discover
[0.169s] Level 1:colcon.colcon_core.package_discovery:discover_packages(recursive) discover
[0.169s] INFO:colcon.colcon_core.package_discovery:Crawling recursively for packages in '/home/ly-jin/Proj/2_engineer_ws'
[0.169s] Level 1:colcon.colcon_core.package_identification:_identify(.) by extensions ['ignore', 'ignore_ament_install']
[0.169s] Level 1:colcon.colcon_core.package_identification:_identify(.) by extension 'ignore'
[0.169s] Level 1:colcon.colcon_core.package_identification:_identify(.) by extension 'ignore_ament_install'
[0.170s] Level 1:colcon.colcon_core.package_identification:_identify(.) by extensions ['colcon_pkg']
[0.170s] Level 1:colcon.colcon_core.package_identification:_identify(.) by extension 'colcon_pkg'
[0.170s] Level 1:colcon.colcon_core.package_identification:_identify(.) by extensions ['colcon_meta']
[0.170s] Level 1:colcon.colcon_core.package_identification:_identify(.) by extension 'colcon_meta'
[0.170s] Level 1:colcon.colcon_core.package_identification:_identify(.) by extensions ['ros']
[0.170s] Level 1:colcon.colcon_core.package_identification:_identify(.) by extension 'ros'
[0.203s] Level 1:colcon.colcon_core.package_identification:_identify(.) by extensions ['cmake', 'python']
[0.203s] Level 1:colcon.colcon_core.package_identification:_identify(.) by extension 'cmake'
[0.203s] Level 1:colcon.colcon_core.package_identification:_identify(.) by extension 'python'
[0.203s] Level 1:colcon.colcon_core.package_identification:_identify(.) by extensions ['python_setup_py']
[0.203s] Level 1:colcon.colcon_core.package_identification:_identify(.) by extension 'python_setup_py'
[0.203s] Level 1:colcon.colcon_core.package_identification:_identify(build) by extensions ['ignore', 'ignore_ament_install']
[0.204s] Level 1:colcon.colcon_core.package_identification:_identify(build) by extension 'ignore'
[0.204s] Level 1:colcon.colcon_core.package_identification:_identify(build) ignored
[0.204s] Level 1:colcon.colcon_core.package_identification:_identify(install) by extensions ['ignore', 'ignore_ament_install']
[0.204s] Level 1:colcon.colcon_core.package_identification:_identify(install) by extension 'ignore'
[0.204s] Level 1:colcon.colcon_core.package_identification:_identify(install) ignored
[0.204s] Level 1:colcon.colcon_core.package_identification:_identify(log) by extensions ['ignore', 'ignore_ament_install']
[0.204s] Level 1:colcon.colcon_core.package_identification:_identify(log) by extension 'ignore'
[0.204s] Level 1:colcon.colcon_core.package_identification:_identify(log) ignored
[0.204s] Level 1:colcon.colcon_core.package_identification:_identify(src) by extensions ['ignore', 'ignore_ament_install']
[0.204s] Level 1:colcon.colcon_core.package_identification:_identify(src) by extension 'ignore'
[0.204s] Level 1:colcon.colcon_core.package_identification:_identify(src) by extension 'ignore_ament_install'
[0.204s] Level 1:colcon.colcon_core.package_identification:_identify(src) by extensions ['colcon_pkg']
[0.205s] Level 1:colcon.colcon_core.package_identification:_identify(src) by extension 'colcon_pkg'
[0.205s] Level 1:colcon.colcon_core.package_identification:_identify(src) by extensions ['colcon_meta']
[0.205s] Level 1:colcon.colcon_core.package_identification:_identify(src) by extension 'colcon_meta'
[0.205s] Level 1:colcon.colcon_core.package_identification:_identify(src) by extensions ['ros']
[0.205s] Level 1:colcon.colcon_core.package_identification:_identify(src) by extension 'ros'
[0.205s] Level 1:colcon.colcon_core.package_identification:_identify(src) by extensions ['cmake', 'python']
[0.205s] Level 1:colcon.colcon_core.package_identification:_identify(src) by extension 'cmake'
[0.205s] Level 1:colcon.colcon_core.package_identification:_identify(src) by extension 'python'
[0.205s] Level 1:colcon.colcon_core.package_identification:_identify(src) by extensions ['python_setup_py']
[0.205s] Level 1:colcon.colcon_core.package_identification:_identify(src) by extension 'python_setup_py'
[0.205s] Level 1:colcon.colcon_core.package_identification:_identify(src/engineer_description) by extensions ['ignore', 'ignore_ament_install']
[0.205s] Level 1:colcon.colcon_core.package_identification:_identify(src/engineer_description) by extension 'ignore'
[0.205s] Level 1:colcon.colcon_core.package_identification:_identify(src/engineer_description) by extension 'ignore_ament_install'
[0.205s] Level 1:colcon.colcon_core.package_identification:_identify(src/engineer_description) by extensions ['colcon_pkg']
[0.205s] Level 1:colcon.colcon_core.package_identification:_identify(src/engineer_description) by extension 'colcon_pkg'
[0.205s] Level 1:colcon.colcon_core.package_identification:_identify(src/engineer_description) by extensions ['colcon_meta']
[0.205s] Level 1:colcon.colcon_core.package_identification:_identify(src/engineer_description) by extension 'colcon_meta'
[0.205s] Level 1:colcon.colcon_core.package_identification:_identify(src/engineer_description) by extensions ['ros']
[0.205s] Level 1:colcon.colcon_core.package_identification:_identify(src/engineer_description) by extension 'ros'
[0.208s] DEBUG:colcon.colcon_core.package_identification:Package 'src/engineer_description' with type 'ros.ament_cmake' and name 'engineer_description'
[0.208s] Level 1:colcon.colcon_core.package_identification:_identify(src/engineer_gazebo) by extensions ['ignore', 'ignore_ament_install']
[0.208s] Level 1:colcon.colcon_core.package_identification:_identify(src/engineer_gazebo) by extension 'ignore'
[0.208s] Level 1:colcon.colcon_core.package_identification:_identify(src/engineer_gazebo) by extension 'ignore_ament_install'
[0.208s] Level 1:colcon.colcon_core.package_identification:_identify(src/engineer_gazebo) by extensions ['colcon_pkg']
[0.209s] Level 1:colcon.colcon_core.package_identification:_identify(src/engineer_gazebo) by extension 'colcon_pkg'
[0.209s] Level 1:colcon.colcon_core.package_identification:_identify(src/engineer_gazebo) by extensions ['colcon_meta']
[0.209s] Level 1:colcon.colcon_core.package_identification:_identify(src/engineer_gazebo) by extension 'colcon_meta'
[0.209s] Level 1:colcon.colcon_core.package_identification:_identify(src/engineer_gazebo) by extensions ['ros']
[0.209s] Level 1:colcon.colcon_core.package_identification:_identify(src/engineer_gazebo) by extension 'ros'
[0.209s] DEBUG:colcon.colcon_core.package_identification:Package 'src/engineer_gazebo' with type 'ros.ament_cmake' and name 'engineer_gazebo'
[0.209s] Level 1:colcon.colcon_core.package_discovery:discover_packages(recursive) using defaults
[0.209s] Level 1:colcon.colcon_core.package_discovery:discover_packages(ignore) discover
[0.209s] Level 1:colcon.colcon_core.package_discovery:discover_packages(ignore) using defaults
[0.209s] Level 1:colcon.colcon_core.package_discovery:discover_packages(path) discover
[0.209s] Level 1:colcon.colcon_core.package_discovery:discover_packages(path) using defaults
[0.232s] Level 1:colcon.colcon_core.package_discovery:discover_packages(prefix_path) check parameters
[0.232s] Level 1:colcon.colcon_core.package_discovery:discover_packages(prefix_path) discover
[0.234s] DEBUG:colcon.colcon_installed_package_information.package_discovery:Found 1 installed packages in /home/ly-jin/Proj/1_engineer_ws/install
[0.236s] DEBUG:colcon.colcon_installed_package_information.package_discovery:Found 415 installed packages in /opt/ros/jazzy
[0.237s] Level 1:colcon.colcon_core.package_discovery:discover_packages(prefix_path) using defaults
[0.292s] Level 5:colcon.colcon_core.verb:set package 'engineer_description' build argument 'cmake_args' from command line to 'None'
[0.292s] Level 5:colcon.colcon_core.verb:set package 'engineer_description' build argument 'cmake_target' from command line to 'None'
[0.292s] Level 5:colcon.colcon_core.verb:set package 'engineer_description' build argument 'cmake_target_skip_unavailable' from command line to 'False'
[0.292s] Level 5:colcon.colcon_core.verb:set package 'engineer_description' build argument 'cmake_clean_cache' from command line to 'False'
[0.292s] Level 5:colcon.colcon_core.verb:set package 'engineer_description' build argument 'cmake_clean_first' from command line to 'False'
[0.292s] Level 5:colcon.colcon_core.verb:set package 'engineer_description' build argument 'cmake_force_configure' from command line to 'False'
[0.292s] Level 5:colcon.colcon_core.verb:set package 'engineer_description' build argument 'ament_cmake_args' from command line to 'None'
[0.292s] Level 5:colcon.colcon_core.verb:set package 'engineer_description' build argument 'catkin_cmake_args' from command line to 'None'
[0.292s] Level 5:colcon.colcon_core.verb:set package 'engineer_description' build argument 'catkin_skip_building_tests' from command line to 'False'
[0.292s] DEBUG:colcon.colcon_core.verb:Building package 'engineer_description' with the following arguments: {'ament_cmake_args': None, 'build_base': '/home/ly-jin/Proj/2_engineer_ws/build/engineer_description', 'catkin_cmake_args': None, 'catkin_skip_building_tests': False, 'cmake_args': None, 'cmake_clean_cache': False, 'cmake_clean_first': False, 'cmake_force_configure': False, 'cmake_target': None, 'cmake_target_skip_unavailable': False, 'install_base': '/home/ly-jin/Proj/2_engineer_ws/install/engineer_description', 'merge_install': False, 'path': '/home/ly-jin/Proj/2_engineer_ws/src/engineer_description', 'symlink_install': False, 'test_result_base': None}
[0.293s] Level 5:colcon.colcon_core.verb:set package 'engineer_gazebo' build argument 'cmake_args' from command line to 'None'
[0.293s] Level 5:colcon.colcon_core.verb:set package 'engineer_gazebo' build argument 'cmake_target' from command line to 'None'
[0.293s] Level 5:colcon.colcon_core.verb:set package 'engineer_gazebo' build argument 'cmake_target_skip_unavailable' from command line to 'False'
[0.293s] Level 5:colcon.colcon_core.verb:set package 'engineer_gazebo' build argument 'cmake_clean_cache' from command line to 'False'
[0.293s] Level 5:colcon.colcon_core.verb:set package 'engineer_gazebo' build argument 'cmake_clean_first' from command line to 'False'
[0.293s] Level 5:colcon.colcon_core.verb:set package 'engineer_gazebo' build argument 'cmake_force_configure' from command line to 'False'
[0.293s] Level 5:colcon.colcon_core.verb:set package 'engineer_gazebo' build argument 'ament_cmake_args' from command line to 'None'
[0.293s] Level 5:colcon.colcon_core.verb:set package 'engineer_gazebo' build argument 'catkin_cmake_args' from command line to 'None'
[0.293s] Level 5:colcon.colcon_core.verb:set package 'engineer_gazebo' build argument 'catkin_skip_building_tests' from command line to 'False'
[0.293s] DEBUG:colcon.colcon_core.verb:Building package 'engineer_gazebo' with the following arguments: {'ament_cmake_args': None, 'build_base': '/home/ly-jin/Proj/2_engineer_ws/build/engineer_gazebo', 'catkin_cmake_args': None, 'catkin_skip_building_tests': False, 'cmake_args': None, 'cmake_clean_cache': False, 'cmake_clean_first': False, 'cmake_force_configure': False, 'cmake_target': None, 'cmake_target_skip_unavailable': False, 'install_base': '/home/ly-jin/Proj/2_engineer_ws/install/engineer_gazebo', 'merge_install': False, 'path': '/home/ly-jin/Proj/2_engineer_ws/src/engineer_gazebo', 'symlink_install': False, 'test_result_base': None}
[0.293s] INFO:colcon.colcon_core.executor:Executing jobs using 'parallel' executor
[0.295s] DEBUG:colcon.colcon_parallel_executor.executor.parallel:run_until_complete
[0.295s] INFO:colcon.colcon_ros.task.ament_cmake.build:Building ROS package in '/home/ly-jin/Proj/2_engineer_ws/src/engineer_description' with build type 'ament_cmake'
[0.295s] INFO:colcon.colcon_cmake.task.cmake.build:Building CMake package in '/home/ly-jin/Proj/2_engineer_ws/src/engineer_description'
[0.297s] INFO:colcon.colcon_core.plugin_system:Skipping extension 'colcon_core.shell.bat': Not used on non-Windows systems
[0.297s] INFO:colcon.colcon_core.shell:Skip shell extension 'powershell' for command environment: Not usable outside of PowerShell
[0.297s] DEBUG:colcon.colcon_core.shell:Skip shell extension 'dsv' for command environment
[0.302s] INFO:colcon.colcon_ros.task.ament_cmake.build:Building ROS package in '/home/ly-jin/Proj/2_engineer_ws/src/engineer_gazebo' with build type 'ament_cmake'
[0.302s] INFO:colcon.colcon_cmake.task.cmake.build:Building CMake package in '/home/ly-jin/Proj/2_engineer_ws/src/engineer_gazebo'
[0.302s] INFO:colcon.colcon_core.shell:Skip shell extension 'powershell' for command environment: Not usable outside of PowerShell
[0.302s] DEBUG:colcon.colcon_core.shell:Skip shell extension 'dsv' for command environment
[0.311s] DEBUG:colcon.colcon_core.event_handler.log_command:Invoking command in '/home/ly-jin/Proj/2_engineer_ws/build/engineer_description': CMAKE_PREFIX_PATH=${CMAKE_PREFIX_PATH}:/opt/ros/jazzy DEBUGINFOD_URLS=https://debuginfod.ubuntu.com /usr/bin/cmake --build /home/ly-jin/Proj/2_engineer_ws/build/engineer_description -- -j16 -l16
[0.316s] DEBUG:colcon.colcon_core.event_handler.log_command:Invoking command in '/home/ly-jin/Proj/2_engineer_ws/build/engineer_gazebo': CMAKE_PREFIX_PATH=${CMAKE_PREFIX_PATH}:/opt/ros/jazzy DEBUGINFOD_URLS=https://debuginfod.ubuntu.com /usr/bin/cmake /home/ly-jin/Proj/2_engineer_ws/src/engineer_gazebo -DCMAKE_INSTALL_PREFIX=/home/ly-jin/Proj/2_engineer_ws/install/engineer_gazebo
[0.375s] DEBUG:colcon.colcon_core.event_handler.log_command:Invoked command in '/home/ly-jin/Proj/2_engineer_ws/build/engineer_description' returned '0': CMAKE_PREFIX_PATH=${CMAKE_PREFIX_PATH}:/opt/ros/jazzy DEBUGINFOD_URLS=https://debuginfod.ubuntu.com /usr/bin/cmake --build /home/ly-jin/Proj/2_engineer_ws/build/engineer_description -- -j16 -l16
[0.392s] DEBUG:colcon.colcon_core.event_handler.log_command:Invoking command in '/home/ly-jin/Proj/2_engineer_ws/build/engineer_description': CMAKE_PREFIX_PATH=${CMAKE_PREFIX_PATH}:/opt/ros/jazzy DEBUGINFOD_URLS=https://debuginfod.ubuntu.com /usr/bin/cmake --install /home/ly-jin/Proj/2_engineer_ws/build/engineer_description
[0.413s] Level 1:colcon.colcon_core.environment:create_environment_scripts_only(engineer_description)
[0.414s] DEBUG:colcon.colcon_core.event_handler.log_command:Invoked command in '/home/ly-jin/Proj/2_engineer_ws/build/engineer_description' returned '0': CMAKE_PREFIX_PATH=${CMAKE_PREFIX_PATH}:/opt/ros/jazzy DEBUGINFOD_URLS=https://debuginfod.ubuntu.com /usr/bin/cmake --install /home/ly-jin/Proj/2_engineer_ws/build/engineer_description
[0.417s] Level 1:colcon.colcon_core.environment:checking '/home/ly-jin/Proj/2_engineer_ws/install/engineer_description' for CMake module files
[0.418s] Level 1:colcon.colcon_core.environment:checking '/home/ly-jin/Proj/2_engineer_ws/install/engineer_description' for CMake config files
[0.418s] Level 1:colcon.colcon_core.shell:create_environment_hook('engineer_description', 'cmake_prefix_path')
[0.419s] INFO:colcon.colcon_core.shell:Creating environment hook '/home/ly-jin/Proj/2_engineer_ws/install/engineer_description/share/engineer_description/hook/cmake_prefix_path.ps1'
[0.420s] INFO:colcon.colcon_core.shell:Creating environment descriptor '/home/ly-jin/Proj/2_engineer_ws/install/engineer_description/share/engineer_description/hook/cmake_prefix_path.dsv'
[0.420s] INFO:colcon.colcon_core.shell:Creating environment hook '/home/ly-jin/Proj/2_engineer_ws/install/engineer_description/share/engineer_description/hook/cmake_prefix_path.sh'
[0.422s] Level 1:colcon.colcon_core.environment:checking '/home/ly-jin/Proj/2_engineer_ws/install/engineer_description/bin'
[0.422s] Level 1:colcon.colcon_core.environment:checking '/home/ly-jin/Proj/2_engineer_ws/install/engineer_description/lib/pkgconfig/engineer_description.pc'
[0.422s] Level 1:colcon.colcon_core.environment:checking '/home/ly-jin/Proj/2_engineer_ws/install/engineer_description/lib/python3.12/site-packages'
[0.422s] Level 1:colcon.colcon_core.environment:checking '/home/ly-jin/Proj/2_engineer_ws/install/engineer_description/bin'
[0.423s] INFO:colcon.colcon_core.shell:Creating package script '/home/ly-jin/Proj/2_engineer_ws/install/engineer_description/share/engineer_description/package.ps1'
[0.424s] INFO:colcon.colcon_core.shell:Creating package descriptor '/home/ly-jin/Proj/2_engineer_ws/install/engineer_description/share/engineer_description/package.dsv'
[0.425s] INFO:colcon.colcon_core.shell:Creating package script '/home/ly-jin/Proj/2_engineer_ws/install/engineer_description/share/engineer_description/package.sh'
[0.426s] INFO:colcon.colcon_core.shell:Creating package script '/home/ly-jin/Proj/2_engineer_ws/install/engineer_description/share/engineer_description/package.bash'
[0.426s] INFO:colcon.colcon_core.shell:Creating package script '/home/ly-jin/Proj/2_engineer_ws/install/engineer_description/share/engineer_description/package.zsh'
[0.427s] Level 1:colcon.colcon_core.environment:create_file_with_runtime_dependencies(/home/ly-jin/Proj/2_engineer_ws/install/engineer_description/share/colcon-core/packages/engineer_description)
[0.428s] Level 1:colcon.colcon_core.environment:create_environment_scripts_only(engineer_description)
[0.428s] Level 1:colcon.colcon_core.environment:checking '/home/ly-jin/Proj/2_engineer_ws/install/engineer_description' for CMake module files
[0.429s] Level 1:colcon.colcon_core.environment:checking '/home/ly-jin/Proj/2_engineer_ws/install/engineer_description' for CMake config files
[0.429s] Level 1:colcon.colcon_core.shell:create_environment_hook('engineer_description', 'cmake_prefix_path')
[0.430s] INFO:colcon.colcon_core.shell:Creating environment hook '/home/ly-jin/Proj/2_engineer_ws/install/engineer_description/share/engineer_description/hook/cmake_prefix_path.ps1'
[0.430s] INFO:colcon.colcon_core.shell:Creating environment descriptor '/home/ly-jin/Proj/2_engineer_ws/install/engineer_description/share/engineer_description/hook/cmake_prefix_path.dsv'
[0.431s] INFO:colcon.colcon_core.shell:Creating environment hook '/home/ly-jin/Proj/2_engineer_ws/install/engineer_description/share/engineer_description/hook/cmake_prefix_path.sh'
[0.432s] Level 1:colcon.colcon_core.environment:checking '/home/ly-jin/Proj/2_engineer_ws/install/engineer_description/bin'
[0.432s] Level 1:colcon.colcon_core.environment:checking '/home/ly-jin/Proj/2_engineer_ws/install/engineer_description/lib/pkgconfig/engineer_description.pc'
[0.432s] Level 1:colcon.colcon_core.environment:checking '/home/ly-jin/Proj/2_engineer_ws/install/engineer_description/lib/python3.12/site-packages'
[0.433s] Level 1:colcon.colcon_core.environment:checking '/home/ly-jin/Proj/2_engineer_ws/install/engineer_description/bin'
[0.433s] INFO:colcon.colcon_core.shell:Creating package script '/home/ly-jin/Proj/2_engineer_ws/install/engineer_description/share/engineer_description/package.ps1'
[0.434s] INFO:colcon.colcon_core.shell:Creating package descriptor '/home/ly-jin/Proj/2_engineer_ws/install/engineer_description/share/engineer_description/package.dsv'
[0.434s] INFO:colcon.colcon_core.shell:Creating package script '/home/ly-jin/Proj/2_engineer_ws/install/engineer_description/share/engineer_description/package.sh'
[0.435s] INFO:colcon.colcon_core.shell:Creating package script '/home/ly-jin/Proj/2_engineer_ws/install/engineer_description/share/engineer_description/package.bash'
[0.436s] INFO:colcon.colcon_core.shell:Creating package script '/home/ly-jin/Proj/2_engineer_ws/install/engineer_description/share/engineer_description/package.zsh'
[0.436s] Level 1:colcon.colcon_core.environment:create_file_with_runtime_dependencies(/home/ly-jin/Proj/2_engineer_ws/install/engineer_description/share/colcon-core/packages/engineer_description)
[1.499s] DEBUG:colcon.colcon_core.event_handler.log_command:Invoked command in '/home/ly-jin/Proj/2_engineer_ws/build/engineer_gazebo' returned '0': CMAKE_PREFIX_PATH=${CMAKE_PREFIX_PATH}:/opt/ros/jazzy DEBUGINFOD_URLS=https://debuginfod.ubuntu.com /usr/bin/cmake /home/ly-jin/Proj/2_engineer_ws/src/engineer_gazebo -DCMAKE_INSTALL_PREFIX=/home/ly-jin/Proj/2_engineer_ws/install/engineer_gazebo
[1.501s] DEBUG:colcon.colcon_core.event_handler.log_command:Invoking command in '/home/ly-jin/Proj/2_engineer_ws/build/engineer_gazebo': CMAKE_PREFIX_PATH=${CMAKE_PREFIX_PATH}:/opt/ros/jazzy DEBUGINFOD_URLS=https://debuginfod.ubuntu.com /usr/bin/cmake --build /home/ly-jin/Proj/2_engineer_ws/build/engineer_gazebo -- -j16 -l16
[1.564s] DEBUG:colcon.colcon_core.event_handler.log_command:Invoked command in '/home/ly-jin/Proj/2_engineer_ws/build/engineer_gazebo' returned '0': CMAKE_PREFIX_PATH=${CMAKE_PREFIX_PATH}:/opt/ros/jazzy DEBUGINFOD_URLS=https://debuginfod.ubuntu.com /usr/bin/cmake --build /home/ly-jin/Proj/2_engineer_ws/build/engineer_gazebo -- -j16 -l16
[1.566s] DEBUG:colcon.colcon_core.event_handler.log_command:Invoking command in '/home/ly-jin/Proj/2_engineer_ws/build/engineer_gazebo': CMAKE_PREFIX_PATH=${CMAKE_PREFIX_PATH}:/opt/ros/jazzy DEBUGINFOD_URLS=https://debuginfod.ubuntu.com /usr/bin/cmake --install /home/ly-jin/Proj/2_engineer_ws/build/engineer_gazebo
[1.583s] Level 1:colcon.colcon_core.environment:create_environment_scripts_only(engineer_gazebo)
[1.583s] Level 1:colcon.colcon_core.environment:checking '/home/ly-jin/Proj/2_engineer_ws/install/engineer_gazebo' for CMake module files
[1.584s] DEBUG:colcon.colcon_core.event_handler.log_command:Invoked command in '/home/ly-jin/Proj/2_engineer_ws/build/engineer_gazebo' returned '0': CMAKE_PREFIX_PATH=${CMAKE_PREFIX_PATH}:/opt/ros/jazzy DEBUGINFOD_URLS=https://debuginfod.ubuntu.com /usr/bin/cmake --install /home/ly-jin/Proj/2_engineer_ws/build/engineer_gazebo
[1.585s] Level 1:colcon.colcon_core.environment:checking '/home/ly-jin/Proj/2_engineer_ws/install/engineer_gazebo' for CMake config files
[1.585s] Level 1:colcon.colcon_core.shell:create_environment_hook('engineer_gazebo', 'cmake_prefix_path')
[1.585s] INFO:colcon.colcon_core.shell:Creating environment hook '/home/ly-jin/Proj/2_engineer_ws/install/engineer_gazebo/share/engineer_gazebo/hook/cmake_prefix_path.ps1'
[1.586s] INFO:colcon.colcon_core.shell:Creating environment descriptor '/home/ly-jin/Proj/2_engineer_ws/install/engineer_gazebo/share/engineer_gazebo/hook/cmake_prefix_path.dsv'
[1.587s] INFO:colcon.colcon_core.shell:Creating environment hook '/home/ly-jin/Proj/2_engineer_ws/install/engineer_gazebo/share/engineer_gazebo/hook/cmake_prefix_path.sh'
[1.588s] Level 1:colcon.colcon_core.environment:checking '/home/ly-jin/Proj/2_engineer_ws/install/engineer_gazebo/bin'
[1.588s] Level 1:colcon.colcon_core.environment:checking '/home/ly-jin/Proj/2_engineer_ws/install/engineer_gazebo/lib/pkgconfig/engineer_gazebo.pc'
[1.589s] Level 1:colcon.colcon_core.environment:checking '/home/ly-jin/Proj/2_engineer_ws/install/engineer_gazebo/lib/python3.12/site-packages'
[1.589s] Level 1:colcon.colcon_core.environment:checking '/home/ly-jin/Proj/2_engineer_ws/install/engineer_gazebo/bin'
[1.589s] INFO:colcon.colcon_core.shell:Creating package script '/home/ly-jin/Proj/2_engineer_ws/install/engineer_gazebo/share/engineer_gazebo/package.ps1'
[1.590s] INFO:colcon.colcon_core.shell:Creating package descriptor '/home/ly-jin/Proj/2_engineer_ws/install/engineer_gazebo/share/engineer_gazebo/package.dsv'
[1.590s] INFO:colcon.colcon_core.shell:Creating package script '/home/ly-jin/Proj/2_engineer_ws/install/engineer_gazebo/share/engineer_gazebo/package.sh'
[1.591s] INFO:colcon.colcon_core.shell:Creating package script '/home/ly-jin/Proj/2_engineer_ws/install/engineer_gazebo/share/engineer_gazebo/package.bash'
[1.591s] INFO:colcon.colcon_core.shell:Creating package script '/home/ly-jin/Proj/2_engineer_ws/install/engineer_gazebo/share/engineer_gazebo/package.zsh'
[1.592s] Level 1:colcon.colcon_core.environment:create_file_with_runtime_dependencies(/home/ly-jin/Proj/2_engineer_ws/install/engineer_gazebo/share/colcon-core/packages/engineer_gazebo)
[1.592s] Level 1:colcon.colcon_core.environment:create_environment_scripts_only(engineer_gazebo)
[1.592s] Level 1:colcon.colcon_core.environment:checking '/home/ly-jin/Proj/2_engineer_ws/install/engineer_gazebo' for CMake module files
[1.593s] Level 1:colcon.colcon_core.environment:checking '/home/ly-jin/Proj/2_engineer_ws/install/engineer_gazebo' for CMake config files
[1.593s] Level 1:colcon.colcon_core.shell:create_environment_hook('engineer_gazebo', 'cmake_prefix_path')
[1.594s] INFO:colcon.colcon_core.shell:Creating environment hook '/home/ly-jin/Proj/2_engineer_ws/install/engineer_gazebo/share/engineer_gazebo/hook/cmake_prefix_path.ps1'
[1.594s] INFO:colcon.colcon_core.shell:Creating environment descriptor '/home/ly-jin/Proj/2_engineer_ws/install/engineer_gazebo/share/engineer_gazebo/hook/cmake_prefix_path.dsv'
[1.595s] INFO:colcon.colcon_core.shell:Creating environment hook '/home/ly-jin/Proj/2_engineer_ws/install/engineer_gazebo/share/engineer_gazebo/hook/cmake_prefix_path.sh'
[1.595s] Level 1:colcon.colcon_core.environment:checking '/home/ly-jin/Proj/2_engineer_ws/install/engineer_gazebo/bin'
[1.596s] Level 1:colcon.colcon_core.environment:checking '/home/ly-jin/Proj/2_engineer_ws/install/engineer_gazebo/lib/pkgconfig/engineer_gazebo.pc'
[1.596s] Level 1:colcon.colcon_core.environment:checking '/home/ly-jin/Proj/2_engineer_ws/install/engineer_gazebo/lib/python3.12/site-packages'
[1.596s] Level 1:colcon.colcon_core.environment:checking '/home/ly-jin/Proj/2_engineer_ws/install/engineer_gazebo/bin'
[1.596s] INFO:colcon.colcon_core.shell:Creating package script '/home/ly-jin/Proj/2_engineer_ws/install/engineer_gazebo/share/engineer_gazebo/package.ps1'
[1.598s] INFO:colcon.colcon_core.shell:Creating package descriptor '/home/ly-jin/Proj/2_engineer_ws/install/engineer_gazebo/share/engineer_gazebo/package.dsv'
[1.598s] INFO:colcon.colcon_core.shell:Creating package script '/home/ly-jin/Proj/2_engineer_ws/install/engineer_gazebo/share/engineer_gazebo/package.sh'
[1.599s] INFO:colcon.colcon_core.shell:Creating package script '/home/ly-jin/Proj/2_engineer_ws/install/engineer_gazebo/share/engineer_gazebo/package.bash'
[1.599s] INFO:colcon.colcon_core.shell:Creating package script '/home/ly-jin/Proj/2_engineer_ws/install/engineer_gazebo/share/engineer_gazebo/package.zsh'
[1.600s] Level 1:colcon.colcon_core.environment:create_file_with_runtime_dependencies(/home/ly-jin/Proj/2_engineer_ws/install/engineer_gazebo/share/colcon-core/packages/engineer_gazebo)
[1.600s] DEBUG:colcon.colcon_parallel_executor.executor.parallel:closing loop
[1.601s] DEBUG:colcon.colcon_parallel_executor.executor.parallel:loop closed
[1.601s] DEBUG:colcon.colcon_parallel_executor.executor.parallel:run_until_complete finished with '0'
[1.601s] DEBUG:colcon.colcon_core.event_reactor:joining thread
[1.611s] INFO:colcon.colcon_core.plugin_system:Skipping extension 'colcon_notification.desktop_notification.terminal_notifier': Not used on non-Darwin systems
[1.611s] INFO:colcon.colcon_core.plugin_system:Skipping extension 'colcon_notification.desktop_notification.win32': Not used on non-Windows systems
[1.612s] INFO:colcon.colcon_notification.desktop_notification:Sending desktop notification using 'notify2'
[1.639s] DEBUG:colcon.colcon_core.event_reactor:joined thread
[1.639s] INFO:colcon.colcon_core.shell:Creating prefix script '/home/ly-jin/Proj/2_engineer_ws/install/local_setup.ps1'
[1.640s] INFO:colcon.colcon_core.shell:Creating prefix util module '/home/ly-jin/Proj/2_engineer_ws/install/_local_setup_util_ps1.py'
[1.642s] INFO:colcon.colcon_core.shell:Creating prefix chain script '/home/ly-jin/Proj/2_engineer_ws/install/setup.ps1'
[1.643s] INFO:colcon.colcon_core.shell:Creating prefix script '/home/ly-jin/Proj/2_engineer_ws/install/local_setup.sh'
[1.644s] INFO:colcon.colcon_core.shell:Creating prefix util module '/home/ly-jin/Proj/2_engineer_ws/install/_local_setup_util_sh.py'
[1.645s] INFO:colcon.colcon_core.shell:Creating prefix chain script '/home/ly-jin/Proj/2_engineer_ws/install/setup.sh'
[1.647s] INFO:colcon.colcon_core.shell:Creating prefix script '/home/ly-jin/Proj/2_engineer_ws/install/local_setup.bash'
[1.647s] INFO:colcon.colcon_core.shell:Creating prefix chain script '/home/ly-jin/Proj/2_engineer_ws/install/setup.bash'
[1.649s] INFO:colcon.colcon_core.shell:Creating prefix script '/home/ly-jin/Proj/2_engineer_ws/install/local_setup.zsh'
[1.650s] INFO:colcon.colcon_core.shell:Creating prefix chain script '/home/ly-jin/Proj/2_engineer_ws/install/setup.zsh'
