[0.017s] Invoking command in '/home/ly-jin/Proj/2_engineer_ws/build/engineer_gazebo': CMAKE_PREFIX_PATH=${CMAKE_PREFIX_PATH}:/opt/ros/jazzy DEBUGINFOD_URLS=https://debuginfod.ubuntu.com /usr/bin/cmake --build /home/ly-jin/Proj/2_engineer_ws/build/engineer_gazebo -- -j16 -l16
[0.058s] -- Found ament_cmake: 2.5.3 (/opt/ros/jazzy/share/ament_cmake/cmake)
[0.390s] -- Found ament_lint_auto: 0.17.1 (/opt/ros/jazzy/share/ament_lint_auto/cmake)
[0.542s] -- Added test 'flake8' to check Python code syntax and style conventions
[0.542s] -- Configured 'flake8' exclude dirs and/or files: 
[0.542s] -- Added test 'lint_cmake' to check CMake code style
[0.542s] -- Added test 'pep257' to check Python code against some of the docstring style conventions in PEP 257
[0.544s] -- Added test 'xmllint' to check XML markup files
[0.545s] -- Configuring done (0.5s)
[0.549s] -- Generating done (0.0s)
[0.552s] -- Build files have been written to: /home/ly-jin/Proj/2_engineer_ws/build/engineer_gazebo
[0.590s] Invoked command in '/home/ly-jin/Proj/2_engineer_ws/build/engineer_gazebo' returned '0': CMAKE_PREFIX_PATH=${CMAKE_PREFIX_PATH}:/opt/ros/jazzy DEBUGINFOD_URLS=https://debuginfod.ubuntu.com /usr/bin/cmake --build /home/ly-jin/Proj/2_engineer_ws/build/engineer_gazebo -- -j16 -l16
[0.592s] Invoking command in '/home/ly-jin/Proj/2_engineer_ws/build/engineer_gazebo': CMAKE_PREFIX_PATH=${CMAKE_PREFIX_PATH}:/opt/ros/jazzy DEBUGINFOD_URLS=https://debuginfod.ubuntu.com /usr/bin/cmake --install /home/ly-jin/Proj/2_engineer_ws/build/engineer_gazebo
[0.606s] -- Install configuration: ""
[0.607s] -- Installing: /home/ly-jin/Proj/2_engineer_ws/install/engineer_gazebo/share/engineer_gazebo/launch
[0.607s] -- Installing: /home/ly-jin/Proj/2_engineer_ws/install/engineer_gazebo/share/engineer_gazebo/launch/world.launch.py
[0.607s] -- Installing: /home/ly-jin/Proj/2_engineer_ws/install/engineer_gazebo/share/engineer_gazebo/worlds
[0.607s] -- Installing: /home/ly-jin/Proj/2_engineer_ws/install/engineer_gazebo/share/engineer_gazebo/worlds/empty.sdf
[0.608s] -- Up-to-date: /home/ly-jin/Proj/2_engineer_ws/install/engineer_gazebo/share/ament_index/resource_index/package_run_dependencies/engineer_gazebo
[0.608s] -- Installing: /home/ly-jin/Proj/2_engineer_ws/install/engineer_gazebo/share/ament_index/resource_index/parent_prefix_path/engineer_gazebo
[0.608s] -- Up-to-date: /home/ly-jin/Proj/2_engineer_ws/install/engineer_gazebo/share/engineer_gazebo/environment/ament_prefix_path.sh
[0.608s] -- Up-to-date: /home/ly-jin/Proj/2_engineer_ws/install/engineer_gazebo/share/engineer_gazebo/environment/ament_prefix_path.dsv
[0.608s] -- Up-to-date: /home/ly-jin/Proj/2_engineer_ws/install/engineer_gazebo/share/engineer_gazebo/environment/path.sh
[0.608s] -- Up-to-date: /home/ly-jin/Proj/2_engineer_ws/install/engineer_gazebo/share/engineer_gazebo/environment/path.dsv
[0.608s] -- Up-to-date: /home/ly-jin/Proj/2_engineer_ws/install/engineer_gazebo/share/engineer_gazebo/local_setup.bash
[0.609s] -- Up-to-date: /home/ly-jin/Proj/2_engineer_ws/install/engineer_gazebo/share/engineer_gazebo/local_setup.sh
[0.609s] -- Up-to-date: /home/ly-jin/Proj/2_engineer_ws/install/engineer_gazebo/share/engineer_gazebo/local_setup.zsh
[0.609s] -- Up-to-date: /home/ly-jin/Proj/2_engineer_ws/install/engineer_gazebo/share/engineer_gazebo/local_setup.dsv
[0.610s] -- Up-to-date: /home/ly-jin/Proj/2_engineer_ws/install/engineer_gazebo/share/engineer_gazebo/package.dsv
[0.610s] -- Up-to-date: /home/ly-jin/Proj/2_engineer_ws/install/engineer_gazebo/share/ament_index/resource_index/packages/engineer_gazebo
[0.611s] -- Up-to-date: /home/ly-jin/Proj/2_engineer_ws/install/engineer_gazebo/share/engineer_gazebo/cmake/engineer_gazeboConfig.cmake
[0.612s] -- Up-to-date: /home/ly-jin/Proj/2_engineer_ws/install/engineer_gazebo/share/engineer_gazebo/cmake/engineer_gazeboConfig-version.cmake
[0.612s] -- Up-to-date: /home/ly-jin/Proj/2_engineer_ws/install/engineer_gazebo/share/engineer_gazebo/package.xml
[0.612s] Invoked command in '/home/ly-jin/Proj/2_engineer_ws/build/engineer_gazebo' returned '0': CMAKE_PREFIX_PATH=${CMAKE_PREFIX_PATH}:/opt/ros/jazzy DEBUGINFOD_URLS=https://debuginfod.ubuntu.com /usr/bin/cmake --install /home/ly-jin/Proj/2_engineer_ws/build/engineer_gazebo
