[0.015s] Invoking command in '/home/ly-jin/Proj/2_engineer_ws/build/engineer_description': CMAKE_PREFIX_PATH=${CMAKE_PREFIX_PATH}:/opt/ros/jazzy DEBUGINFOD_URLS=https://debuginfod.ubuntu.com /usr/bin/cmake /home/ly-jin/Proj/2_engineer_ws/src/engineer_description -DCMAKE_INSTALL_PREFIX=/home/ly-jin/Proj/2_engineer_ws/install/engineer_description
[0.100s] -- The C compiler identification is GNU 13.3.0
[0.185s] -- The CXX compiler identification is GNU 13.3.0
[0.211s] -- Detecting C compiler ABI info
[0.359s] -- Detecting C compiler ABI info - done
[0.373s] -- Check for working C compiler: /usr/bin/cc - skipped
[0.373s] -- Detecting C compile features
[0.374s] -- Detecting C compile features - done
[0.389s] -- Detecting CXX compiler ABI info
[0.549s] -- Detecting CXX compiler ABI info - done
[0.563s] -- Check for working CXX compiler: /usr/bin/c++ - skipped
[0.564s] -- Detecting CXX compile features
[0.564s] -- Detecting CXX compile features - done
[0.570s] -- Found ament_cmake: 2.5.3 (/opt/ros/jazzy/share/ament_cmake/cmake)
[0.795s] -- Found Python3: /usr/bin/python3 (found version "3.12.3") found components: Interpreter 
[0.966s] -- Found ament_lint_auto: 0.17.1 (/opt/ros/jazzy/share/ament_lint_auto/cmake)
[1.120s] -- Added test 'flake8' to check Python code syntax and style conventions
[1.120s] -- Configured 'flake8' exclude dirs and/or files: 
[1.121s] -- Added test 'lint_cmake' to check CMake code style
[1.122s] -- Added test 'pep257' to check Python code against some of the docstring style conventions in PEP 257
[1.124s] -- Added test 'xmllint' to check XML markup files
[1.126s] -- Configuring done (1.1s)
[1.130s] -- Generating done (0.0s)
[1.132s] -- Build files have been written to: /home/ly-jin/Proj/2_engineer_ws/build/engineer_description
[1.140s] Invoked command in '/home/ly-jin/Proj/2_engineer_ws/build/engineer_description' returned '0': CMAKE_PREFIX_PATH=${CMAKE_PREFIX_PATH}:/opt/ros/jazzy DEBUGINFOD_URLS=https://debuginfod.ubuntu.com /usr/bin/cmake /home/ly-jin/Proj/2_engineer_ws/src/engineer_description -DCMAKE_INSTALL_PREFIX=/home/ly-jin/Proj/2_engineer_ws/install/engineer_description
[1.143s] Invoking command in '/home/ly-jin/Proj/2_engineer_ws/build/engineer_description': CMAKE_PREFIX_PATH=${CMAKE_PREFIX_PATH}:/opt/ros/jazzy DEBUGINFOD_URLS=https://debuginfod.ubuntu.com /usr/bin/cmake --build /home/ly-jin/Proj/2_engineer_ws/build/engineer_description -- -j16 -l16
[1.205s] Invoked command in '/home/ly-jin/Proj/2_engineer_ws/build/engineer_description' returned '0': CMAKE_PREFIX_PATH=${CMAKE_PREFIX_PATH}:/opt/ros/jazzy DEBUGINFOD_URLS=https://debuginfod.ubuntu.com /usr/bin/cmake --build /home/ly-jin/Proj/2_engineer_ws/build/engineer_description -- -j16 -l16
[1.222s] Invoking command in '/home/ly-jin/Proj/2_engineer_ws/build/engineer_description': CMAKE_PREFIX_PATH=${CMAKE_PREFIX_PATH}:/opt/ros/jazzy DEBUGINFOD_URLS=https://debuginfod.ubuntu.com /usr/bin/cmake --install /home/ly-jin/Proj/2_engineer_ws/build/engineer_description
[1.234s] -- Install configuration: ""
[1.234s] -- Installing: /home/ly-jin/Proj/2_engineer_ws/install/engineer_description/share/engineer_description/meshes
[1.234s] -- Installing: /home/ly-jin/Proj/2_engineer_ws/install/engineer_description/share/engineer_description/meshes/J6.STL
[1.235s] -- Installing: /home/ly-jin/Proj/2_engineer_ws/install/engineer_description/share/engineer_description/meshes/Wheel_l_f.STL
[1.239s] -- Installing: /home/ly-jin/Proj/2_engineer_ws/install/engineer_description/share/engineer_description/meshes/J3.STL
[1.240s] -- Installing: /home/ly-jin/Proj/2_engineer_ws/install/engineer_description/share/engineer_description/meshes/J2.STL
[1.241s] -- Installing: /home/ly-jin/Proj/2_engineer_ws/install/engineer_description/share/engineer_description/meshes/Wheel_r_b.STL
[1.245s] -- Installing: /home/ly-jin/Proj/2_engineer_ws/install/engineer_description/share/engineer_description/meshes/J1.STL
[1.245s] -- Installing: /home/ly-jin/Proj/2_engineer_ws/install/engineer_description/share/engineer_description/meshes/base_link.STL
[1.249s] -- Installing: /home/ly-jin/Proj/2_engineer_ws/install/engineer_description/share/engineer_description/meshes/J0.STL
[1.250s] -- Installing: /home/ly-jin/Proj/2_engineer_ws/install/engineer_description/share/engineer_description/meshes/end.STL
[1.250s] -- Installing: /home/ly-jin/Proj/2_engineer_ws/install/engineer_description/share/engineer_description/meshes/J5.STL
[1.250s] -- Installing: /home/ly-jin/Proj/2_engineer_ws/install/engineer_description/share/engineer_description/meshes/Wheel_r_f.STL
[1.254s] -- Installing: /home/ly-jin/Proj/2_engineer_ws/install/engineer_description/share/engineer_description/meshes/Wheel_l_b.STL
[1.258s] -- Installing: /home/ly-jin/Proj/2_engineer_ws/install/engineer_description/share/engineer_description/meshes/J4.STL
[1.259s] -- Installing: /home/ly-jin/Proj/2_engineer_ws/install/engineer_description/share/engineer_description/urdf
[1.259s] -- Installing: /home/ly-jin/Proj/2_engineer_ws/install/engineer_description/share/engineer_description/urdf/engineer_total.csv
[1.260s] -- Installing: /home/ly-jin/Proj/2_engineer_ws/install/engineer_description/share/engineer_description/urdf/engineer_total.urdf
[1.260s] -- Installing: /home/ly-jin/Proj/2_engineer_ws/install/engineer_description/share/engineer_description/launch
[1.260s] -- Installing: /home/ly-jin/Proj/2_engineer_ws/install/engineer_description/share/engineer_description/launch/check_urdf.launch.py
[1.260s] -- Installing: /home/ly-jin/Proj/2_engineer_ws/install/engineer_description/share/engineer_description/rviz
[1.260s] -- Installing: /home/ly-jin/Proj/2_engineer_ws/install/engineer_description/share/engineer_description/rviz/engineer_description.rviz
[1.260s] -- Installing: /home/ly-jin/Proj/2_engineer_ws/install/engineer_description/share/ament_index/resource_index/package_run_dependencies/engineer_description
[1.260s] -- Installing: /home/ly-jin/Proj/2_engineer_ws/install/engineer_description/share/ament_index/resource_index/parent_prefix_path/engineer_description
[1.261s] -- Installing: /home/ly-jin/Proj/2_engineer_ws/install/engineer_description/share/engineer_description/environment/ament_prefix_path.sh
[1.261s] -- Installing: /home/ly-jin/Proj/2_engineer_ws/install/engineer_description/share/engineer_description/environment/ament_prefix_path.dsv
[1.261s] -- Installing: /home/ly-jin/Proj/2_engineer_ws/install/engineer_description/share/engineer_description/environment/path.sh
[1.261s] -- Installing: /home/ly-jin/Proj/2_engineer_ws/install/engineer_description/share/engineer_description/environment/path.dsv
[1.261s] -- Installing: /home/ly-jin/Proj/2_engineer_ws/install/engineer_description/share/engineer_description/local_setup.bash
[1.261s] -- Installing: /home/ly-jin/Proj/2_engineer_ws/install/engineer_description/share/engineer_description/local_setup.sh
[1.261s] -- Installing: /home/ly-jin/Proj/2_engineer_ws/install/engineer_description/share/engineer_description/local_setup.zsh
[1.261s] -- Installing: /home/ly-jin/Proj/2_engineer_ws/install/engineer_description/share/engineer_description/local_setup.dsv
[1.261s] -- Installing: /home/ly-jin/Proj/2_engineer_ws/install/engineer_description/share/engineer_description/package.dsv
[1.261s] -- Installing: /home/ly-jin/Proj/2_engineer_ws/install/engineer_description/share/ament_index/resource_index/packages/engineer_description
[1.261s] -- Installing: /home/ly-jin/Proj/2_engineer_ws/install/engineer_description/share/engineer_description/cmake/engineer_descriptionConfig.cmake
[1.262s] -- Installing: /home/ly-jin/Proj/2_engineer_ws/install/engineer_description/share/engineer_description/cmake/engineer_descriptionConfig-version.cmake
[1.262s] -- Installing: /home/ly-jin/Proj/2_engineer_ws/install/engineer_description/share/engineer_description/package.xml
[1.264s] Invoked command in '/home/ly-jin/Proj/2_engineer_ws/build/engineer_description' returned '0': CMAKE_PREFIX_PATH=${CMAKE_PREFIX_PATH}:/opt/ros/jazzy DEBUGINFOD_URLS=https://debuginfod.ubuntu.com /usr/bin/cmake --install /home/ly-jin/Proj/2_engineer_ws/build/engineer_description
