[0.010s] Invoking command in '/home/ly-jin/Proj/2_engineer_ws/build/engineer_description': CMAKE_PREFIX_PATH=${CMAKE_PREFIX_PATH}:/opt/ros/jazzy DEBUGINFOD_URLS=https://debuginfod.ubuntu.com /usr/bin/cmake --build /home/ly-jin/Proj/2_engineer_ws/build/engineer_description -- -j16 -l16
[0.077s] Invoked command in '/home/ly-jin/Proj/2_engineer_ws/build/engineer_description' returned '0': CMAKE_PREFIX_PATH=${CMAKE_PREFIX_PATH}:/opt/ros/jazzy DEBUGINFOD_URLS=https://debuginfod.ubuntu.com /usr/bin/cmake --build /home/ly-jin/Proj/2_engineer_ws/build/engineer_description -- -j16 -l16
[0.078s] Invoking command in '/home/ly-jin/Proj/2_engineer_ws/build/engineer_description': CMAKE_PREFIX_PATH=${CMAKE_PREFIX_PATH}:/opt/ros/jazzy DEBUGINFOD_URLS=https://debuginfod.ubuntu.com /usr/bin/cmake --install /home/ly-jin/Proj/2_engineer_ws/build/engineer_description
[0.089s] -- Install configuration: ""
[0.090s] -- Up-to-date: /home/ly-jin/Proj/2_engineer_ws/install/engineer_description/share/engineer_description/meshes
[0.090s] -- Up-to-date: /home/ly-jin/Proj/2_engineer_ws/install/engineer_description/share/engineer_description/meshes/J6.STL
[0.090s] -- Up-to-date: /home/ly-jin/Proj/2_engineer_ws/install/engineer_description/share/engineer_description/meshes/Wheel_l_f.STL
[0.090s] -- Up-to-date: /home/ly-jin/Proj/2_engineer_ws/install/engineer_description/share/engineer_description/meshes/J3.STL
[0.090s] -- Up-to-date: /home/ly-jin/Proj/2_engineer_ws/install/engineer_description/share/engineer_description/meshes/J2.STL
[0.090s] -- Up-to-date: /home/ly-jin/Proj/2_engineer_ws/install/engineer_description/share/engineer_description/meshes/Wheel_r_b.STL
[0.090s] -- Up-to-date: /home/ly-jin/Proj/2_engineer_ws/install/engineer_description/share/engineer_description/meshes/J1.STL
[0.090s] -- Up-to-date: /home/ly-jin/Proj/2_engineer_ws/install/engineer_description/share/engineer_description/meshes/base_link.STL
[0.090s] -- Up-to-date: /home/ly-jin/Proj/2_engineer_ws/install/engineer_description/share/engineer_description/meshes/J0.STL
[0.090s] -- Up-to-date: /home/ly-jin/Proj/2_engineer_ws/install/engineer_description/share/engineer_description/meshes/end.STL
[0.091s] -- Up-to-date: /home/ly-jin/Proj/2_engineer_ws/install/engineer_description/share/engineer_description/meshes/J5.STL
[0.091s] -- Up-to-date: /home/ly-jin/Proj/2_engineer_ws/install/engineer_description/share/engineer_description/meshes/Wheel_r_f.STL
[0.091s] -- Up-to-date: /home/ly-jin/Proj/2_engineer_ws/install/engineer_description/share/engineer_description/meshes/Wheel_l_b.STL
[0.091s] -- Up-to-date: /home/ly-jin/Proj/2_engineer_ws/install/engineer_description/share/engineer_description/meshes/J4.STL
[0.091s] -- Up-to-date: /home/ly-jin/Proj/2_engineer_ws/install/engineer_description/share/engineer_description/urdf
[0.091s] -- Up-to-date: /home/ly-jin/Proj/2_engineer_ws/install/engineer_description/share/engineer_description/urdf/engineer_total.csv
[0.091s] -- Up-to-date: /home/ly-jin/Proj/2_engineer_ws/install/engineer_description/share/engineer_description/urdf/engineer_total.urdf
[0.092s] -- Up-to-date: /home/ly-jin/Proj/2_engineer_ws/install/engineer_description/share/engineer_description/launch
[0.092s] -- Up-to-date: /home/ly-jin/Proj/2_engineer_ws/install/engineer_description/share/engineer_description/launch/check_urdf.launch.py
[0.092s] -- Up-to-date: /home/ly-jin/Proj/2_engineer_ws/install/engineer_description/share/engineer_description/rviz
[0.092s] -- Up-to-date: /home/ly-jin/Proj/2_engineer_ws/install/engineer_description/share/engineer_description/rviz/engineer_description.rviz
[0.092s] -- Up-to-date: /home/ly-jin/Proj/2_engineer_ws/install/engineer_description/share/ament_index/resource_index/package_run_dependencies/engineer_description
[0.092s] -- Up-to-date: /home/ly-jin/Proj/2_engineer_ws/install/engineer_description/share/ament_index/resource_index/parent_prefix_path/engineer_description
[0.092s] -- Up-to-date: /home/ly-jin/Proj/2_engineer_ws/install/engineer_description/share/engineer_description/environment/ament_prefix_path.sh
[0.092s] -- Up-to-date: /home/ly-jin/Proj/2_engineer_ws/install/engineer_description/share/engineer_description/environment/ament_prefix_path.dsv
[0.092s] -- Up-to-date: /home/ly-jin/Proj/2_engineer_ws/install/engineer_description/share/engineer_description/environment/path.sh
[0.092s] -- Up-to-date: /home/ly-jin/Proj/2_engineer_ws/install/engineer_description/share/engineer_description/environment/path.dsv
[0.093s] -- Up-to-date: /home/ly-jin/Proj/2_engineer_ws/install/engineer_description/share/engineer_description/local_setup.bash
[0.093s] -- Up-to-date: /home/ly-jin/Proj/2_engineer_ws/install/engineer_description/share/engineer_description/local_setup.sh
[0.093s] -- Up-to-date: /home/ly-jin/Proj/2_engineer_ws/install/engineer_description/share/engineer_description/local_setup.zsh
[0.093s] -- Up-to-date: /home/ly-jin/Proj/2_engineer_ws/install/engineer_description/share/engineer_description/local_setup.dsv
[0.093s] -- Installing: /home/ly-jin/Proj/2_engineer_ws/install/engineer_description/share/engineer_description/package.dsv
[0.094s] -- Up-to-date: /home/ly-jin/Proj/2_engineer_ws/install/engineer_description/share/ament_index/resource_index/packages/engineer_description
[0.094s] -- Up-to-date: /home/ly-jin/Proj/2_engineer_ws/install/engineer_description/share/engineer_description/cmake/engineer_descriptionConfig.cmake
[0.094s] -- Up-to-date: /home/ly-jin/Proj/2_engineer_ws/install/engineer_description/share/engineer_description/cmake/engineer_descriptionConfig-version.cmake
[0.094s] -- Up-to-date: /home/ly-jin/Proj/2_engineer_ws/install/engineer_description/share/engineer_description/package.xml
[0.106s] Invoked command in '/home/ly-jin/Proj/2_engineer_ws/build/engineer_description' returned '0': CMAKE_PREFIX_PATH=${CMAKE_PREFIX_PATH}:/opt/ros/jazzy DEBUGINFOD_URLS=https://debuginfod.ubuntu.com /usr/bin/cmake --install /home/ly-jin/Proj/2_engineer_ws/build/engineer_description
