-- The C compiler identification is GNU 13.3.0
-- The CXX compiler identification is GNU 13.3.0
-- Detecting C compiler ABI info
-- Detecting C compiler ABI info - done
-- Check for working C compiler: /usr/bin/cc - skipped
-- Detecting C compile features
-- Detecting C compile features - done
-- Detecting CXX compiler ABI info
-- Detecting CXX compiler ABI info - done
-- Check for working CXX compiler: /usr/bin/c++ - skipped
-- Detecting CXX compile features
-- Detecting CXX compile features - done
-- Found ament_cmake: 2.5.3 (/opt/ros/jazzy/share/ament_cmake/cmake)
-- Found Python3: /usr/bin/python3 (found version "3.12.3") found components: Interpreter 
-- Found ament_lint_auto: 0.17.1 (/opt/ros/jazzy/share/ament_lint_auto/cmake)
-- Added test 'flake8' to check Python code syntax and style conventions
-- Configured 'flake8' exclude dirs and/or files: 
-- Added test 'lint_cmake' to check CMake code style
-- Added test 'pep257' to check Python code against some of the docstring style conventions in PEP 257
-- Added test 'xmllint' to check XML markup files
-- Configuring done (1.2s)
-- Generating done (0.0s)
-- Build files have been written to: /home/ly-jin/Proj/1_engineer_ws/build/engineer_description
-- Install configuration: ""
-- Installing: /home/ly-jin/Proj/1_engineer_ws/install/engineer_description/share/engineer_description/meshes
-- Installing: /home/ly-jin/Proj/1_engineer_ws/install/engineer_description/share/engineer_description/meshes/J6.STL
-- Installing: /home/ly-jin/Proj/1_engineer_ws/install/engineer_description/share/engineer_description/meshes/Wheel_l_f.STL
-- Installing: /home/ly-jin/Proj/1_engineer_ws/install/engineer_description/share/engineer_description/meshes/J3.STL
-- Installing: /home/ly-jin/Proj/1_engineer_ws/install/engineer_description/share/engineer_description/meshes/J2.STL
-- Installing: /home/ly-jin/Proj/1_engineer_ws/install/engineer_description/share/engineer_description/meshes/Wheel_r_b.STL
-- Installing: /home/ly-jin/Proj/1_engineer_ws/install/engineer_description/share/engineer_description/meshes/J1.STL
-- Installing: /home/ly-jin/Proj/1_engineer_ws/install/engineer_description/share/engineer_description/meshes/base_link.STL
-- Installing: /home/ly-jin/Proj/1_engineer_ws/install/engineer_description/share/engineer_description/meshes/J0.STL
-- Installing: /home/ly-jin/Proj/1_engineer_ws/install/engineer_description/share/engineer_description/meshes/end.STL
-- Installing: /home/ly-jin/Proj/1_engineer_ws/install/engineer_description/share/engineer_description/meshes/J5.STL
-- Installing: /home/ly-jin/Proj/1_engineer_ws/install/engineer_description/share/engineer_description/meshes/Wheel_r_f.STL
-- Installing: /home/ly-jin/Proj/1_engineer_ws/install/engineer_description/share/engineer_description/meshes/Wheel_l_b.STL
-- Installing: /home/ly-jin/Proj/1_engineer_ws/install/engineer_description/share/engineer_description/meshes/J4.STL
-- Installing: /home/ly-jin/Proj/1_engineer_ws/install/engineer_description/share/engineer_description/urdf
-- Installing: /home/ly-jin/Proj/1_engineer_ws/install/engineer_description/share/engineer_description/urdf/engineer_total.csv
-- Installing: /home/ly-jin/Proj/1_engineer_ws/install/engineer_description/share/engineer_description/urdf/engineer_total.urdf
-- Installing: /home/ly-jin/Proj/1_engineer_ws/install/engineer_description/share/engineer_description/launch
-- Installing: /home/ly-jin/Proj/1_engineer_ws/install/engineer_description/share/engineer_description/launch/check_urdf.launch.py
-- Installing: /home/ly-jin/Proj/1_engineer_ws/install/engineer_description/share/engineer_description/rviz
-- Installing: /home/ly-jin/Proj/1_engineer_ws/install/engineer_description/share/engineer_description/rviz/engineer_description.rviz
-- Installing: /home/ly-jin/Proj/1_engineer_ws/install/engineer_description/share/ament_index/resource_index/package_run_dependencies/engineer_description
-- Installing: /home/ly-jin/Proj/1_engineer_ws/install/engineer_description/share/ament_index/resource_index/parent_prefix_path/engineer_description
-- Installing: /home/ly-jin/Proj/1_engineer_ws/install/engineer_description/share/engineer_description/environment/ament_prefix_path.sh
-- Installing: /home/ly-jin/Proj/1_engineer_ws/install/engineer_description/share/engineer_description/environment/ament_prefix_path.dsv
-- Installing: /home/ly-jin/Proj/1_engineer_ws/install/engineer_description/share/engineer_description/environment/path.sh
-- Installing: /home/ly-jin/Proj/1_engineer_ws/install/engineer_description/share/engineer_description/environment/path.dsv
-- Installing: /home/ly-jin/Proj/1_engineer_ws/install/engineer_description/share/engineer_description/local_setup.bash
-- Installing: /home/ly-jin/Proj/1_engineer_ws/install/engineer_description/share/engineer_description/local_setup.sh
-- Installing: /home/ly-jin/Proj/1_engineer_ws/install/engineer_description/share/engineer_description/local_setup.zsh
-- Installing: /home/ly-jin/Proj/1_engineer_ws/install/engineer_description/share/engineer_description/local_setup.dsv
-- Installing: /home/ly-jin/Proj/1_engineer_ws/install/engineer_description/share/engineer_description/package.dsv
-- Installing: /home/ly-jin/Proj/1_engineer_ws/install/engineer_description/share/ament_index/resource_index/packages/engineer_description
-- Installing: /home/ly-jin/Proj/1_engineer_ws/install/engineer_description/share/engineer_description/cmake/engineer_descriptionConfig.cmake
-- Installing: /home/ly-jin/Proj/1_engineer_ws/install/engineer_description/share/engineer_description/cmake/engineer_descriptionConfig-version.cmake
-- Installing: /home/ly-jin/Proj/1_engineer_ws/install/engineer_description/share/engineer_description/package.xml
