[0.012s] Invoking command in '/home/ly-jin/Proj/1_engineer_ws/build/engineer_description': CMAKE_PREFIX_PATH=${CMAKE_PREFIX_PATH}:/opt/ros/jazzy DEBUGINFOD_URLS=https://debuginfod.ubuntu.com /usr/bin/cmake /home/ly-jin/Proj/1_engineer_ws/src/engineer_description -DCMAKE_INSTALL_PREFIX=/home/ly-jin/Proj/1_engineer_ws/install/engineer_description
[0.097s] -- The C compiler identification is GNU 13.3.0
[0.180s] -- The CXX compiler identification is GNU 13.3.0
[0.206s] -- Detecting C compiler ABI info
[0.364s] -- Detecting C compiler ABI info - done
[0.378s] -- Check for working C compiler: /usr/bin/cc - skipped
[0.379s] -- Detecting C compile features
[0.379s] -- Detecting C compile features - done
[0.394s] -- Detecting CXX compiler ABI info
[0.593s] -- Detecting CXX compiler ABI info - done
[0.611s] -- Check for working CXX compiler: /usr/bin/c++ - skipped
[0.612s] -- Detecting CXX compile features
[0.613s] -- Detecting CXX compile features - done
[0.619s] -- Found ament_cmake: 2.5.3 (/opt/ros/jazzy/share/ament_cmake/cmake)
[0.874s] -- Found Python3: /usr/bin/python3 (found version "3.12.3") found components: Interpreter 
[1.070s] -- Found ament_lint_auto: 0.17.1 (/opt/ros/jazzy/share/ament_lint_auto/cmake)
[1.237s] -- Added test 'flake8' to check Python code syntax and style conventions
[1.237s] -- Configured 'flake8' exclude dirs and/or files: 
[1.239s] -- Added test 'lint_cmake' to check CMake code style
[1.241s] -- Added test 'pep257' to check Python code against some of the docstring style conventions in PEP 257
[1.244s] -- Added test 'xmllint' to check XML markup files
[1.247s] -- Configuring done (1.2s)
[1.253s] -- Generating done (0.0s)
[1.256s] -- Build files have been written to: /home/ly-jin/Proj/1_engineer_ws/build/engineer_description
[1.264s] Invoked command in '/home/ly-jin/Proj/1_engineer_ws/build/engineer_description' returned '0': CMAKE_PREFIX_PATH=${CMAKE_PREFIX_PATH}:/opt/ros/jazzy DEBUGINFOD_URLS=https://debuginfod.ubuntu.com /usr/bin/cmake /home/ly-jin/Proj/1_engineer_ws/src/engineer_description -DCMAKE_INSTALL_PREFIX=/home/ly-jin/Proj/1_engineer_ws/install/engineer_description
[1.266s] Invoking command in '/home/ly-jin/Proj/1_engineer_ws/build/engineer_description': CMAKE_PREFIX_PATH=${CMAKE_PREFIX_PATH}:/opt/ros/jazzy DEBUGINFOD_URLS=https://debuginfod.ubuntu.com /usr/bin/cmake --build /home/ly-jin/Proj/1_engineer_ws/build/engineer_description -- -j16 -l16
[1.332s] Invoked command in '/home/ly-jin/Proj/1_engineer_ws/build/engineer_description' returned '0': CMAKE_PREFIX_PATH=${CMAKE_PREFIX_PATH}:/opt/ros/jazzy DEBUGINFOD_URLS=https://debuginfod.ubuntu.com /usr/bin/cmake --build /home/ly-jin/Proj/1_engineer_ws/build/engineer_description -- -j16 -l16
[1.347s] Invoking command in '/home/ly-jin/Proj/1_engineer_ws/build/engineer_description': CMAKE_PREFIX_PATH=${CMAKE_PREFIX_PATH}:/opt/ros/jazzy DEBUGINFOD_URLS=https://debuginfod.ubuntu.com /usr/bin/cmake --install /home/ly-jin/Proj/1_engineer_ws/build/engineer_description
[1.360s] -- Install configuration: ""
[1.360s] -- Installing: /home/ly-jin/Proj/1_engineer_ws/install/engineer_description/share/engineer_description/meshes
[1.360s] -- Installing: /home/ly-jin/Proj/1_engineer_ws/install/engineer_description/share/engineer_description/meshes/J6.STL
[1.360s] -- Installing: /home/ly-jin/Proj/1_engineer_ws/install/engineer_description/share/engineer_description/meshes/Wheel_l_f.STL
[1.365s] -- Installing: /home/ly-jin/Proj/1_engineer_ws/install/engineer_description/share/engineer_description/meshes/J3.STL
[1.366s] -- Installing: /home/ly-jin/Proj/1_engineer_ws/install/engineer_description/share/engineer_description/meshes/J2.STL
[1.367s] -- Installing: /home/ly-jin/Proj/1_engineer_ws/install/engineer_description/share/engineer_description/meshes/Wheel_r_b.STL
[1.371s] -- Installing: /home/ly-jin/Proj/1_engineer_ws/install/engineer_description/share/engineer_description/meshes/J1.STL
[1.372s] -- Installing: /home/ly-jin/Proj/1_engineer_ws/install/engineer_description/share/engineer_description/meshes/base_link.STL
[1.375s] -- Installing: /home/ly-jin/Proj/1_engineer_ws/install/engineer_description/share/engineer_description/meshes/J0.STL
[1.377s] -- Installing: /home/ly-jin/Proj/1_engineer_ws/install/engineer_description/share/engineer_description/meshes/end.STL
[1.377s] -- Installing: /home/ly-jin/Proj/1_engineer_ws/install/engineer_description/share/engineer_description/meshes/J5.STL
[1.377s] -- Installing: /home/ly-jin/Proj/1_engineer_ws/install/engineer_description/share/engineer_description/meshes/Wheel_r_f.STL
[1.381s] -- Installing: /home/ly-jin/Proj/1_engineer_ws/install/engineer_description/share/engineer_description/meshes/Wheel_l_b.STL
[1.386s] -- Installing: /home/ly-jin/Proj/1_engineer_ws/install/engineer_description/share/engineer_description/meshes/J4.STL
[1.387s] -- Installing: /home/ly-jin/Proj/1_engineer_ws/install/engineer_description/share/engineer_description/urdf
[1.387s] -- Installing: /home/ly-jin/Proj/1_engineer_ws/install/engineer_description/share/engineer_description/urdf/engineer_total.csv
[1.388s] -- Installing: /home/ly-jin/Proj/1_engineer_ws/install/engineer_description/share/engineer_description/urdf/engineer_total.urdf
[1.388s] -- Installing: /home/ly-jin/Proj/1_engineer_ws/install/engineer_description/share/engineer_description/launch
[1.388s] -- Installing: /home/ly-jin/Proj/1_engineer_ws/install/engineer_description/share/engineer_description/launch/check_urdf.launch.py
[1.388s] -- Installing: /home/ly-jin/Proj/1_engineer_ws/install/engineer_description/share/engineer_description/rviz
[1.388s] -- Installing: /home/ly-jin/Proj/1_engineer_ws/install/engineer_description/share/engineer_description/rviz/engineer_description.rviz
[1.388s] -- Installing: /home/ly-jin/Proj/1_engineer_ws/install/engineer_description/share/ament_index/resource_index/package_run_dependencies/engineer_description
[1.388s] -- Installing: /home/ly-jin/Proj/1_engineer_ws/install/engineer_description/share/ament_index/resource_index/parent_prefix_path/engineer_description
[1.389s] -- Installing: /home/ly-jin/Proj/1_engineer_ws/install/engineer_description/share/engineer_description/environment/ament_prefix_path.sh
[1.389s] -- Installing: /home/ly-jin/Proj/1_engineer_ws/install/engineer_description/share/engineer_description/environment/ament_prefix_path.dsv
[1.389s] -- Installing: /home/ly-jin/Proj/1_engineer_ws/install/engineer_description/share/engineer_description/environment/path.sh
[1.389s] -- Installing: /home/ly-jin/Proj/1_engineer_ws/install/engineer_description/share/engineer_description/environment/path.dsv
[1.389s] -- Installing: /home/ly-jin/Proj/1_engineer_ws/install/engineer_description/share/engineer_description/local_setup.bash
[1.389s] -- Installing: /home/ly-jin/Proj/1_engineer_ws/install/engineer_description/share/engineer_description/local_setup.sh
[1.389s] -- Installing: /home/ly-jin/Proj/1_engineer_ws/install/engineer_description/share/engineer_description/local_setup.zsh
[1.389s] -- Installing: /home/ly-jin/Proj/1_engineer_ws/install/engineer_description/share/engineer_description/local_setup.dsv
[1.390s] -- Installing: /home/ly-jin/Proj/1_engineer_ws/install/engineer_description/share/engineer_description/package.dsv
[1.390s] -- Installing: /home/ly-jin/Proj/1_engineer_ws/install/engineer_description/share/ament_index/resource_index/packages/engineer_description
[1.390s] -- Installing: /home/ly-jin/Proj/1_engineer_ws/install/engineer_description/share/engineer_description/cmake/engineer_descriptionConfig.cmake
[1.390s] -- Installing: /home/ly-jin/Proj/1_engineer_ws/install/engineer_description/share/engineer_description/cmake/engineer_descriptionConfig-version.cmake
[1.390s] -- Installing: /home/ly-jin/Proj/1_engineer_ws/install/engineer_description/share/engineer_description/package.xml
[1.392s] Invoked command in '/home/ly-jin/Proj/1_engineer_ws/build/engineer_description' returned '0': CMAKE_PREFIX_PATH=${CMAKE_PREFIX_PATH}:/opt/ros/jazzy DEBUGINFOD_URLS=https://debuginfod.ubuntu.com /usr/bin/cmake --install /home/ly-jin/Proj/1_engineer_ws/build/engineer_description
